-1
-1
-1
-1
3
-1
-1
-1
-1
403
3
636
196
3
-1
-1
-1
-1
-1
-1
-1
25
115
-1
-1
-1
-1
4
-1
12
-1
-1
28
76
-1
-1
-1
-1
5
4
-1
-1
3
-1
-1
-1
114
4
700
-1
43
340
-1
-1
-1
-1
-1
-1
-1
-1
-1
-1
-1
-1
3
-1
21
-1
3
-1
-1
-1
-1
250
-1
-1
27
-1
-1
-1
-1
-1
-1
3
168
-1
-1
-1
-1
-1
-1
64
149
22
-1
28
-1
-1
12
-1
-1
5
98
-1
-1
135
180
4
-1
310
595
28
-1
-1
-1
5
-1
-1
-1
-1
274
-1
4
-1
-1
180
-1
-1
94
-1
-1
254
-1
362
131
-1
-1
27
3
-1
14
-1
10
-1
-1
996
-1
-1
-1
-1
-1
-1
-1
-1
-1
-1
-1
53
1
153
436
-1
-1
155
-1
-1
-1
688
-1
-1
-1
-1
-1
-1
-1
-1
316
-1
392
-1
33
-1
21
-1
-1
-1
-1
-1
26
-1
-1
147
-1
-1
-1
-1
49
-1
-1
4
-1
61
3
-1
-1
1
65
-1
-1
47
22
-1
14
3
-1
-1
386
-1
-1
-1
-1
14
13
-1
-1
-1
28
-1
-1
158
-1
5
546
-1
-1
-1
-1
-1
161
-1
-1
-1
-1
-1
3
71
3
12
529
-1
-1
-1
-1
5
-1
448
3
22
283
202
185
-1
-1
135
10
-1
-1
-1
-1
241
-1
42
11
-1
80
-1
-1
-1
-1
12
103
-1
53
-1
-1
450
-1
-1
-1
-1
-1
626
-1
12
10
-1
-1
33
-1
-1
-1
-1
-1
-1
-1
-1
-1
171
-1
-1
-1
239
214
-1
-1
-1
-1
5
5
-1
-1
-1
-1
-1
-1
-1
-1
-1
-1
14
-1
-1
-1
-1
-1
-1
-1
60
-1
-1
-1
-1
33
-1
-1
-1
744
-1
778
536
-1
-1
682
-1
406
